<?xml version="1.0" encoding="utf-8"?><testsuites name="pytest tests"><testsuite name="pytest" errors="0" failures="0" skipped="0" tests="15" time="3.257" timestamp="2026-05-13T04:42:51.692974+00:00" hostname="agent-env-eecaff40-d7ca-44c2-a919-839cfbfb8657"><testcase classname="backend.tests.test_festyville_api.TestHealth" name="test_root_ok" time="0.400" /><testcase classname="backend.tests.test_festyville_api.TestHealth" name="test_catalog" time="0.075" /><testcase classname="backend.tests.test_festyville_api.TestState" name="test_get_state_creates_default" time="0.078" /><testcase classname="backend.tests.test_festyville_api.TestState" name="test_rename" time="0.151" /><testcase classname="backend.tests.test_festyville_api.TestState" name="test_rename_empty_400" time="0.075" /><testcase classname="backend.tests.test_festyville_api.TestPlacement" name="test_place_building_success" time="0.146" /><testcase classname="backend.tests.test_festyville_api.TestPlacement" name="test_place_tile_occupied_400" time="0.072" /><testcase classname="backend.tests.test_festyville_api.TestPlacement" name="test_place_out_of_bounds_400" time="0.074" /><testcase classname="backend.tests.test_festyville_api.TestPlacement" name="test_place_locked_phase_400" time="0.074" /><testcase classname="backend.tests.test_festyville_api.TestPlacement" name="test_place_not_enough_coins_400" time="0.700" /><testcase classname="backend.tests.test_festyville_api.TestSimAndOps" name="test_speedup_marks_ready_and_deducts" time="0.456" /><testcase classname="backend.tests.test_festyville_api.TestSimAndOps" name="test_simulate_400_when_no_ready" time="0.162" /><testcase classname="backend.tests.test_festyville_api.TestSimAndOps" name="test_simulate_success" time="0.379" /><testcase classname="backend.tests.test_festyville_api.TestSimAndOps" name="test_demolish" time="0.153" /><testcase classname="backend.tests.test_festyville_api.TestLeaderboard" name="test_leaderboard_sorted" time="0.079" /></testsuite></testsuites>