<?xml version="1.0" encoding="utf-8"?><testsuites name="pytest tests"><testsuite name="pytest" errors="0" failures="0" skipped="0" tests="17" time="4.495" timestamp="2026-05-13T05:18:27.468449+00:00" hostname="agent-env-eecaff40-d7ca-44c2-a919-839cfbfb8657"><testcase classname="backend.tests.test_festyville_v2.TestCatalogArtists" name="test_catalog_has_days_per_cycle" time="0.365" /><testcase classname="backend.tests.test_festyville_v2.TestCatalogArtists" name="test_artists_endpoint" time="0.067" /><testcase classname="backend.tests.test_festyville_v2.TestStateNewFields" name="test_initial_state_fields" time="0.069" /><testcase classname="backend.tests.test_festyville_v2.TestSetGenre" name="test_set_genre_valid" time="0.131" /><testcase classname="backend.tests.test_festyville_v2.TestSetGenre" name="test_set_genre_invalid" time="0.136" /><testcase classname="backend.tests.test_festyville_v2.TestSetGenre" name="test_set_genre_filters_lineup" time="0.333" /><testcase classname="backend.tests.test_festyville_v2.TestBooking" name="test_book_deducts_fee" time="0.196" /><testcase classname="backend.tests.test_festyville_v2.TestBooking" name="test_book_mismatched_genre" time="0.196" /><testcase classname="backend.tests.test_festyville_v2.TestBooking" name="test_book_locked_phase" time="0.197" /><testcase classname="backend.tests.test_festyville_v2.TestBooking" name="test_book_insufficient_coins" time="0.459" /><testcase classname="backend.tests.test_festyville_v2.TestBooking" name="test_already_booked" time="0.276" /><testcase classname="backend.tests.test_festyville_v2.TestBooking" name="test_unbook_refund" time="0.264" /><testcase classname="backend.tests.test_festyville_v2.TestAdvanceDay" name="test_advance_day_no_genre" time="0.142" /><testcase classname="backend.tests.test_festyville_v2.TestAdvanceDay" name="test_advance_day_after_genre" time="0.197" /><testcase classname="backend.tests.test_festyville_v2.TestAdvanceDay" name="test_advance_to_festival_day" time="0.619" /><testcase classname="backend.tests.test_festyville_v2.TestSimulate" name="test_simulate_includes_new_fields_and_resets" time="0.456" /><testcase classname="backend.tests.test_festyville_v2.TestStartCycle" name="test_start_cycle_resets" time="0.325" /></testsuite></testsuites>