<?xml version="1.0" encoding="utf-8"?><testsuites name="pytest tests"><testsuite name="pytest" errors="0" failures="0" skipped="0" tests="4" time="1.070" timestamp="2026-05-13T05:55:37.898967+00:00" hostname="agent-env-eecaff40-d7ca-44c2-a919-839cfbfb8657"><testcase classname="backend.tests.test_festyville_v4_menu.TestReset" name="test_reset_wipes_progress_keeps_name" time="0.469" /><testcase classname="backend.tests.test_festyville_v4_menu.TestReset" name="test_reset_persists_in_db" time="0.228" /><testcase classname="backend.tests.test_festyville_v4_menu.TestDelete" name="test_delete_returns_ok" time="0.090" /><testcase classname="backend.tests.test_festyville_v4_menu.TestDelete" name="test_delete_then_get_returns_fresh_default" time="0.223" /></testsuite></testsuites>